<?xml version="1.0" encoding="UTF-8"?>
<testsuite name="UserServiceTest" tests="2" skipped="0" failures="0" errors="0" timestamp="2022-03-30T19:37:12" hostname="DESKTOP-698R2IH" time="0.018">
  <properties/>
  <testcase name="testLogin_positive()" classname="UserServiceTest" time="0.015"/>
  <testcase name="testLogin_negative()" classname="UserServiceTest" time="0.002"/>
  <system-out><![CDATA[]]></system-out>
  <system-err><![CDATA[]]></system-err>
</testsuite>
