<?xml version="1.0" encoding="UTF-8"?>
<testsuite name="JWTServiceTest" tests="3" skipped="0" failures="0" errors="0" timestamp="2022-03-30T19:37:10" hostname="DESKTOP-698R2IH" time="0.657">
  <properties/>
  <testcase name="testCreateValidJwt()" classname="JWTServiceTest" time="0.539"/>
  <testcase name="testSingleton()" classname="JWTServiceTest" time="0.003"/>
  <testcase name="testParseValidJWT()" classname="JWTServiceTest" time="0.114"/>
  <system-out><![CDATA[]]></system-out>
  <system-err><![CDATA[]]></system-err>
</testsuite>
